<?xml version="1.0" encoding="UTF-8"?>
<!-- Generated by org.testng.reporters.JUnitReportReporter -->
<testsuite skipped="0" hostname="LAPTOP-UAPI8PLG" name="com.capg.pbms.testcases.DebitUsingChequePageTestCase" tests="2" failures="0" timestamp="2020-09-30T00:42:01 IST" time="5.458" errors="0">
  <testcase name="goToDebitPage" time="0.764" classname="com.capg.pbms.testcases.DebitUsingChequePageTestCase"/>
  <system-out/>
  <testcase name="enterDetails" time="4.694" classname="com.capg.pbms.testcases.DebitUsingChequePageTestCase"/>
  <system-out/>
</testsuite> <!-- com.capg.pbms.testcases.DebitUsingChequePageTestCase -->
