<?xml version="1.0" encoding="UTF-8"?>
<!-- Generated by org.testng.reporters.JUnitReportReporter -->
<testsuite skipped="0" hostname="LAPTOP-UAPI8PLG" name="com.capg.pbms.testrunner.TestRunner" tests="1" failures="0" timestamp="2020-09-30T02:10:00 IST" time="15.244" errors="0">
  <testcase name="runScenario" time="15.244" classname="com.capg.pbms.testrunner.TestRunner"/>
  <system-out/>
</testsuite> <!-- com.capg.pbms.testrunner.TestRunner -->
